###############################################################
#  Generated by:      Cadence Innovus 21.15-s110_1
#  OS:                Linux x86_64(Host ID ra01)
#  Generated on:      Wed Jan 21 12:06:06 2026
#  Design:            simple_alu
#  Command:           checkDesign -all
###############################################################
Design: simple_alu

------ Design Summary:
Total Standard Cell Number   (cells) : 264
Total Block Cell Number      (cells) : 0
Total I/O Pad Cell Number    (cells) : 0
Total Standard Cell Area     ( um^2) : 1278.52
Total Block Cell Area        ( um^2) : 0.00
Total I/O Pad Cell Area      ( um^2) : 0.00

------ Design Statistics:

Number of Instances            : 264
Number of Non-uniquified Insts : 257
Number of Nets                 : 280
Average number of Pins per Net : 2.99
Maximum number of Pins in Net  : 38

------ I/O Port summary

Number of Primary I/O Ports    : 100
Number of Input Ports          : 66
Number of Output Ports         : 34
Number of Bidirectional Ports  : 0
Number of Power/Ground Ports   : 0



------------------------------------------------------------
Detail report:


------ I/O Pad/Port Checking


