###############################################################
#  Generated by:      Cadence Innovus 21.15-s110_1
#  OS:                Linux x86_64(Host ID ra01)
#  Generated on:      Thu Jan 22 17:02:51 2026
#  Design:            counter
#  Command:           checkDesign -all
###############################################################
Design: counter

------ Design Summary:
Total Standard Cell Number   (cells) : 23
Total Block Cell Number      (cells) : 0
Total I/O Pad Cell Number    (cells) : 0
Total Standard Cell Area     ( um^2) : 854.88
Total Block Cell Area        ( um^2) : 0.00
Total I/O Pad Cell Area      ( um^2) : 0.00

------ Design Statistics:

Number of Instances            : 23
Number of Non-uniquified Insts : 18
Number of Nets                 : 37
Average number of Pins per Net : 2.73
Maximum number of Pins in Net  : 9

------ I/O Port summary

Number of Primary I/O Ports    : 10
Number of Input Ports          : 2
Number of Output Ports         : 8
Number of Bidirectional Ports  : 0
Number of Power/Ground Ports   : 0



------------------------------------------------------------
Detail report:


------ I/O Pad/Port Checking


