###############################################################
#  Generated by:      Cadence Innovus 21.15-s110_1
#  OS:                Linux x86_64(Host ID ra01)
#  Generated on:      Thu Jan 22 17:19:39 2026
#  Design:            counter
#  Command:           checkPinAssignment
###############################################################

Start Checking pins of top cell: [counter] 
**ERROR: (IMPPTN-1755):   Pin [reset] of partition [counter] connected to net [reset] is [PLACED] at location (   0.000,    0.000) on layer 3 is OVERLAPPED WITH CORNER-MASK of partition counter.
**ERROR: (IMPPTN-1755):   Pin [reset] of partition [counter] connected to net [reset] is [PLACED] at location (   0.000,    0.000) on layer 3 is NOT ON ROUTING TRACK.
**ERROR: (IMPPTN-1755):   Pin [clk] of partition [counter] connected to net [clk] is [PLACED] at location (   0.000,   50.400) on layer 2 is NOT ON ALLOWED PIN LAYER.
**ERROR: (IMPPTN-1755):   Pin [clk] of partition [counter] connected to net [clk] is [PLACED] at location (   0.000,   50.400) on layer 2 is OVERLAPPED WITH CORNER-MASK of partition counter.
**ERROR: (IMPPTN-1755):   Pin [clk] of partition [counter] connected to net [clk] is [PLACED] at location (   0.000,   50.400) on layer 2 is NOT ON ROUTING TRACK.
**ERROR: (IMPPTN-1755):   Pin [count[7]] of partition [counter] connected to net [count[7]] is [PLACED] at location (  12.410,   50.400) on layer 2 is NOT ON ROUTING TRACK.
**ERROR: (IMPPTN-1755):   Pin [count[6]] of partition [counter] connected to net [count[6]] is [PLACED] at location (  24.815,   50.400) on layer 2 is NOT ON ROUTING TRACK.
**ERROR: (IMPPTN-1755):   Pin [count[5]] of partition [counter] connected to net [count[5]] is [PLACED] at location (  37.225,   50.400) on layer 2 is NOT ON ROUTING TRACK.
**ERROR: (IMPPTN-1755):   Pin [count[4]] of partition [counter] connected to net [count[4]] is [PLACED] at location (  49.630,   50.400) on layer 2 is NOT ON ROUTING TRACK.
**ERROR: (IMPPTN-1755):   Pin [count[3]] of partition [counter] connected to net [count[3]] is [PLACED] at location (  62.040,   50.400) on layer 2 is OVERLAPPED WITH CORNER-MASK of partition counter.
**ERROR: (IMPPTN-1755):   Pin [count[3]] of partition [counter] connected to net [count[3]] is [PLACED] at location (  62.040,   50.400) on layer 2 is NOT ON ROUTING TRACK.
**ERROR: (IMPPTN-1755):   Pin [count[2]] of partition [counter] connected to net [count[2]] is [PLACED] at location (  62.040,   50.400) on layer 3 is NOT ON ALLOWED PIN LAYER.
**ERROR: (IMPPTN-1755):   Pin [count[2]] of partition [counter] connected to net [count[2]] is [PLACED] at location (  62.040,   50.400) on layer 3 is OVERLAPPED WITH CORNER-MASK of partition counter.
**ERROR: (IMPPTN-1755):   Pin [count[2]] of partition [counter] connected to net [count[2]] is [PLACED] at location (  62.040,   50.400) on layer 3 is NOT ON ROUTING TRACK.
**ERROR: (IMPPTN-1755):   Pin [count[1]] of partition [counter] connected to net [count[1]] is [PLACED] at location (  62.040,    0.000) on layer 3 is OVERLAPPED WITH CORNER-MASK of partition counter.
**ERROR: (IMPPTN-1755):   Pin [count[1]] of partition [counter] connected to net [count[1]] is [PLACED] at location (  62.040,    0.000) on layer 3 is NOT ON ROUTING TRACK.
**ERROR: (IMPPTN-1755):   Pin [count[0]] of partition [counter] connected to net [count[0]] is [PLACED] at location (  62.040,    0.000) on layer 5 is OVERLAPPED WITH CORNER-MASK of partition counter.
**ERROR: (IMPPTN-1755):   Pin [count[0]] of partition [counter] connected to net [count[0]] is [PLACED] at location (  62.040,    0.000) on layer 5 is NOT ON ROUTING TRACK.
Summary report for top level: [counter] 
	Total Pins                         : 10
	Illegally Assigned Pins            : 10
End of Summary report
End Checking pins of top cell: [counter] 


===========================================================================================================================
                                                checkPinAssignment Summary
===========================================================================================================================
Partition   | pads  | pins   | legal  | illegal | internal | internal illegal | FT     | FT illegal | constant | unplaced |
===========================================================================================================================
counter     |     0 |     10 |      0 |      10 |        0 |                0 |      0 |          0 |        0 |        0 |
===========================================================================================================================
TOTAL       |     0 |     10 |      0 |      10 |        0 |                0 |      0 |          0 |        0 |        0 |
===========================================================================================================================
