###############################################################
#  Generated by:      Cadence Innovus 21.15-s110_1
#  OS:                Linux x86_64(Host ID ra01)
#  Generated on:      Tue Jan 20 16:56:09 2026
#  Design:            simple_alu
#  Command:           checkPinAssignment
###############################################################

Start Checking pins of top cell: [simple_alu] 
**ERROR: (IMPPTN-1755):   Pin [A[31]] of partition [simple_alu] connected to net [A[31]] is [PLACED] at location (   0.100,   54.340) on layer 3 is NOT ON ALLOWED PIN LAYER.
**ERROR: (IMPPTN-1755):   Pin [A[31]] of partition [simple_alu] connected to net [A[31]] is [PLACED] at location (   0.100,   54.340) on layer 3 is OVERLAPPED WITH CORNER-MASK of partition simple_alu.
**ERROR: (IMPPTN-1755):   Pin [A[30]] of partition [simple_alu] connected to net [A[30]] is [PLACED] at location (   0.500,   54.340) on layer 3 is NOT ON ALLOWED PIN LAYER.
**ERROR: (IMPPTN-1755):   Pin [A[30]] of partition [simple_alu] connected to net [A[30]] is [PLACED] at location (   0.500,   54.340) on layer 3 is OVERLAPPED WITH CORNER-MASK of partition simple_alu.
**ERROR: (IMPPTN-1755):   Pin [A[29]] of partition [simple_alu] connected to net [A[29]] is [PLACED] at location (   1.100,   54.340) on layer 3 is NOT ON ALLOWED PIN LAYER.
**ERROR: (IMPPTN-1755):   Pin [A[28]] of partition [simple_alu] connected to net [A[28]] is [PLACED] at location (   1.700,   54.340) on layer 3 is NOT ON ALLOWED PIN LAYER.
**ERROR: (IMPPTN-1755):   Pin [A[27]] of partition [simple_alu] connected to net [A[27]] is [PLACED] at location (   2.300,   54.340) on layer 3 is NOT ON ALLOWED PIN LAYER.
**ERROR: (IMPPTN-1755):   Pin [A[26]] of partition [simple_alu] connected to net [A[26]] is [PLACED] at location (   2.900,   54.340) on layer 3 is NOT ON ALLOWED PIN LAYER.
**ERROR: (IMPPTN-1755):   Pin [A[25]] of partition [simple_alu] connected to net [A[25]] is [PLACED] at location (   3.300,   54.340) on layer 3 is NOT ON ALLOWED PIN LAYER.
**ERROR: (IMPPTN-1755):   Pin [A[24]] of partition [simple_alu] connected to net [A[24]] is [PLACED] at location (   3.900,   54.340) on layer 3 is NOT ON ALLOWED PIN LAYER.
**ERROR: (IMPPTN-1755):   Pin [A[23]] of partition [simple_alu] connected to net [A[23]] is [PLACED] at location (   4.500,   54.340) on layer 3 is NOT ON ALLOWED PIN LAYER.
**ERROR: (IMPPTN-1755):   Pin [A[22]] of partition [simple_alu] connected to net [A[22]] is [PLACED] at location (   5.100,   54.340) on layer 3 is NOT ON ALLOWED PIN LAYER.
**ERROR: (IMPPTN-1755):   Pin [A[21]] of partition [simple_alu] connected to net [A[21]] is [PLACED] at location (   5.700,   54.340) on layer 3 is NOT ON ALLOWED PIN LAYER.
**ERROR: (IMPPTN-1755):   Pin [A[20]] of partition [simple_alu] connected to net [A[20]] is [PLACED] at location (   6.300,   54.340) on layer 3 is NOT ON ALLOWED PIN LAYER.
**ERROR: (IMPPTN-1755):   Pin [A[19]] of partition [simple_alu] connected to net [A[19]] is [PLACED] at location (   6.700,   54.340) on layer 3 is NOT ON ALLOWED PIN LAYER.
**ERROR: (IMPPTN-1755):   Pin [A[18]] of partition [simple_alu] connected to net [A[18]] is [PLACED] at location (   7.300,   54.340) on layer 3 is NOT ON ALLOWED PIN LAYER.
**ERROR: (IMPPTN-1755):   Pin [A[17]] of partition [simple_alu] connected to net [A[17]] is [PLACED] at location (   7.900,   54.340) on layer 3 is NOT ON ALLOWED PIN LAYER.
**ERROR: (IMPPTN-1755):   Pin [A[16]] of partition [simple_alu] connected to net [A[16]] is [PLACED] at location (   8.500,   54.340) on layer 3 is NOT ON ALLOWED PIN LAYER.
**ERROR: (IMPPTN-1755):   Pin [A[15]] of partition [simple_alu] connected to net [A[15]] is [PLACED] at location (   9.100,   54.340) on layer 3 is NOT ON ALLOWED PIN LAYER.
**ERROR: (IMPPTN-1755):   Pin [A[14]] of partition [simple_alu] connected to net [A[14]] is [PLACED] at location (   9.700,   54.340) on layer 3 is NOT ON ALLOWED PIN LAYER.
**ERROR: (IMPPTN-1755):   Pin [A[13]] of partition [simple_alu] connected to net [A[13]] is [PLACED] at location (  10.100,   54.340) on layer 3 is NOT ON ALLOWED PIN LAYER.
**ERROR: (IMPPTN-1755):   Pin [A[12]] of partition [simple_alu] connected to net [A[12]] is [PLACED] at location (  10.700,   54.340) on layer 3 is NOT ON ALLOWED PIN LAYER.
**ERROR: (IMPPTN-1755):   Pin [A[11]] of partition [simple_alu] connected to net [A[11]] is [PLACED] at location (  11.300,   54.340) on layer 3 is NOT ON ALLOWED PIN LAYER.
**ERROR: (IMPPTN-1755):   Pin [A[10]] of partition [simple_alu] connected to net [A[10]] is [PLACED] at location (  11.900,   54.340) on layer 3 is NOT ON ALLOWED PIN LAYER.
**ERROR: (IMPPTN-1755):   Pin [A[9]] of partition [simple_alu] connected to net [A[9]] is [PLACED] at location (  12.500,   54.340) on layer 3 is NOT ON ALLOWED PIN LAYER.
**ERROR: (IMPPTN-1755):   Pin [A[8]] of partition [simple_alu] connected to net [A[8]] is [PLACED] at location (  13.100,   54.340) on layer 3 is NOT ON ALLOWED PIN LAYER.
**ERROR: (IMPPTN-1755):   Pin [A[7]] of partition [simple_alu] connected to net [A[7]] is [PLACED] at location (  13.500,   54.340) on layer 3 is NOT ON ALLOWED PIN LAYER.
**ERROR: (IMPPTN-1755):   Pin [A[6]] of partition [simple_alu] connected to net [A[6]] is [PLACED] at location (  14.100,   54.340) on layer 3 is NOT ON ALLOWED PIN LAYER.
**ERROR: (IMPPTN-1755):   Pin [A[5]] of partition [simple_alu] connected to net [A[5]] is [PLACED] at location (  14.700,   54.340) on layer 3 is NOT ON ALLOWED PIN LAYER.
**ERROR: (IMPPTN-1755):   Pin [A[4]] of partition [simple_alu] connected to net [A[4]] is [PLACED] at location (  15.300,   54.340) on layer 3 is NOT ON ALLOWED PIN LAYER.
**ERROR: (IMPPTN-1755):   Pin [A[3]] of partition [simple_alu] connected to net [A[3]] is [PLACED] at location (  15.900,   54.340) on layer 3 is NOT ON ALLOWED PIN LAYER.
**ERROR: (IMPPTN-1755):   Pin [A[2]] of partition [simple_alu] connected to net [A[2]] is [PLACED] at location (  16.500,   54.340) on layer 3 is NOT ON ALLOWED PIN LAYER.
**ERROR: (IMPPTN-1755):   Pin [A[1]] of partition [simple_alu] connected to net [A[1]] is [PLACED] at location (  16.900,   54.340) on layer 3 is NOT ON ALLOWED PIN LAYER.
**ERROR: (IMPPTN-1755):   Pin [A[0]] of partition [simple_alu] connected to net [A[0]] is [PLACED] at location (  17.500,   54.340) on layer 3 is NOT ON ALLOWED PIN LAYER.
**ERROR: (IMPPTN-1755):   Pin [B[31]] of partition [simple_alu] connected to net [B[31]] is [PLACED] at location (  18.100,   54.340) on layer 3 is NOT ON ALLOWED PIN LAYER.
**ERROR: (IMPPTN-1755):   Pin [B[30]] of partition [simple_alu] connected to net [B[30]] is [PLACED] at location (  18.700,   54.340) on layer 3 is NOT ON ALLOWED PIN LAYER.
**ERROR: (IMPPTN-1755):   Pin [B[29]] of partition [simple_alu] connected to net [B[29]] is [PLACED] at location (  19.300,   54.340) on layer 3 is NOT ON ALLOWED PIN LAYER.
**ERROR: (IMPPTN-1755):   Pin [B[28]] of partition [simple_alu] connected to net [B[28]] is [PLACED] at location (  19.700,   54.340) on layer 3 is NOT ON ALLOWED PIN LAYER.
**ERROR: (IMPPTN-1755):   Pin [B[27]] of partition [simple_alu] connected to net [B[27]] is [PLACED] at location (  20.300,   54.340) on layer 3 is NOT ON ALLOWED PIN LAYER.
**ERROR: (IMPPTN-1755):   Pin [B[26]] of partition [simple_alu] connected to net [B[26]] is [PLACED] at location (  20.900,   54.340) on layer 3 is NOT ON ALLOWED PIN LAYER.
**ERROR: (IMPPTN-1755):   Pin [B[25]] of partition [simple_alu] connected to net [B[25]] is [PLACED] at location (  21.500,   54.340) on layer 3 is NOT ON ALLOWED PIN LAYER.
**ERROR: (IMPPTN-1755):   Pin [B[24]] of partition [simple_alu] connected to net [B[24]] is [PLACED] at location (  22.100,   54.340) on layer 3 is NOT ON ALLOWED PIN LAYER.
**ERROR: (IMPPTN-1755):   Pin [B[23]] of partition [simple_alu] connected to net [B[23]] is [PLACED] at location (  22.700,   54.340) on layer 3 is NOT ON ALLOWED PIN LAYER.
**ERROR: (IMPPTN-1755):   Pin [B[22]] of partition [simple_alu] connected to net [B[22]] is [PLACED] at location (  23.100,   54.340) on layer 3 is NOT ON ALLOWED PIN LAYER.
**ERROR: (IMPPTN-1755):   Pin [B[21]] of partition [simple_alu] connected to net [B[21]] is [PLACED] at location (  23.700,   54.340) on layer 3 is NOT ON ALLOWED PIN LAYER.
**ERROR: (IMPPTN-1755):   Pin [B[20]] of partition [simple_alu] connected to net [B[20]] is [PLACED] at location (  24.300,   54.340) on layer 3 is NOT ON ALLOWED PIN LAYER.
**ERROR: (IMPPTN-1755):   Pin [B[19]] of partition [simple_alu] connected to net [B[19]] is [PLACED] at location (  24.900,   54.340) on layer 3 is NOT ON ALLOWED PIN LAYER.
**ERROR: (IMPPTN-1755):   Pin [B[18]] of partition [simple_alu] connected to net [B[18]] is [PLACED] at location (  25.500,   54.340) on layer 3 is NOT ON ALLOWED PIN LAYER.
**ERROR: (IMPPTN-1755):   Pin [B[17]] of partition [simple_alu] connected to net [B[17]] is [PLACED] at location (  26.100,   54.340) on layer 3 is NOT ON ALLOWED PIN LAYER.
**ERROR: (IMPPTN-1755):   Pin [B[16]] of partition [simple_alu] connected to net [B[16]] is [PLACED] at location (  26.500,   54.340) on layer 3 is NOT ON ALLOWED PIN LAYER.
**ERROR: (IMPPTN-1755):   Pin [B[15]] of partition [simple_alu] connected to net [B[15]] is [PLACED] at location (  27.100,   54.340) on layer 3 is NOT ON ALLOWED PIN LAYER.
**ERROR: (IMPPTN-1755):   Pin [B[14]] of partition [simple_alu] connected to net [B[14]] is [PLACED] at location (  27.700,   54.340) on layer 3 is NOT ON ALLOWED PIN LAYER.
**ERROR: (IMPPTN-1755):   Pin [B[13]] of partition [simple_alu] connected to net [B[13]] is [PLACED] at location (  28.300,   54.340) on layer 3 is NOT ON ALLOWED PIN LAYER.
**ERROR: (IMPPTN-1755):   Pin [B[12]] of partition [simple_alu] connected to net [B[12]] is [PLACED] at location (  28.900,   54.340) on layer 3 is NOT ON ALLOWED PIN LAYER.
**ERROR: (IMPPTN-1755):   Pin [B[11]] of partition [simple_alu] connected to net [B[11]] is [PLACED] at location (  29.500,   54.340) on layer 3 is NOT ON ALLOWED PIN LAYER.
**ERROR: (IMPPTN-1755):   Pin [B[10]] of partition [simple_alu] connected to net [B[10]] is [PLACED] at location (  29.900,   54.340) on layer 3 is NOT ON ALLOWED PIN LAYER.
**ERROR: (IMPPTN-1755):   Pin [B[9]] of partition [simple_alu] connected to net [B[9]] is [PLACED] at location (  30.500,   54.340) on layer 3 is NOT ON ALLOWED PIN LAYER.
**ERROR: (IMPPTN-1755):   Pin [B[8]] of partition [simple_alu] connected to net [B[8]] is [PLACED] at location (  31.100,   54.340) on layer 3 is NOT ON ALLOWED PIN LAYER.
**ERROR: (IMPPTN-1755):   Pin [B[7]] of partition [simple_alu] connected to net [B[7]] is [PLACED] at location (  31.700,   54.340) on layer 3 is NOT ON ALLOWED PIN LAYER.
**ERROR: (IMPPTN-1755):   Pin [B[6]] of partition [simple_alu] connected to net [B[6]] is [PLACED] at location (  32.300,   54.340) on layer 3 is NOT ON ALLOWED PIN LAYER.
**ERROR: (IMPPTN-1755):   Pin [B[5]] of partition [simple_alu] connected to net [B[5]] is [PLACED] at location (  32.900,   54.340) on layer 3 is NOT ON ALLOWED PIN LAYER.
**ERROR: (IMPPTN-1755):   Pin [B[4]] of partition [simple_alu] connected to net [B[4]] is [PLACED] at location (  33.300,   54.340) on layer 3 is NOT ON ALLOWED PIN LAYER.
**ERROR: (IMPPTN-1755):   Pin [B[3]] of partition [simple_alu] connected to net [B[3]] is [PLACED] at location (  33.900,   54.340) on layer 3 is NOT ON ALLOWED PIN LAYER.
**ERROR: (IMPPTN-1755):   Pin [B[2]] of partition [simple_alu] connected to net [B[2]] is [PLACED] at location (  34.500,   54.340) on layer 3 is NOT ON ALLOWED PIN LAYER.
**ERROR: (IMPPTN-1755):   Pin [B[1]] of partition [simple_alu] connected to net [B[1]] is [PLACED] at location (  35.100,   54.340) on layer 3 is NOT ON ALLOWED PIN LAYER.
**ERROR: (IMPPTN-1755):   Pin [B[0]] of partition [simple_alu] connected to net [B[0]] is [PLACED] at location (  35.700,   54.340) on layer 3 is NOT ON ALLOWED PIN LAYER.
**ERROR: (IMPPTN-1755):   Pin [ALUControl[1]] of partition [simple_alu] connected to net [ALUControl[1]] is [PLACED] at location (  36.300,   54.340) on layer 3 is NOT ON ALLOWED PIN LAYER.
**ERROR: (IMPPTN-1755):   Pin [ALUControl[0]] of partition [simple_alu] connected to net [ALUControl[0]] is [PLACED] at location (  36.700,   54.340) on layer 3 is NOT ON ALLOWED PIN LAYER.
**ERROR: (IMPPTN-1755):   Pin [Result[31]] of partition [simple_alu] connected to net [Result[31]] is [PLACED] at location (  37.300,   54.340) on layer 3 is NOT ON ALLOWED PIN LAYER.
**ERROR: (IMPPTN-1755):   Pin [Result[30]] of partition [simple_alu] connected to net [Result[30]] is [PLACED] at location (  37.900,   54.340) on layer 3 is NOT ON ALLOWED PIN LAYER.
**ERROR: (IMPPTN-1755):   Pin [Result[29]] of partition [simple_alu] connected to net [Result[29]] is [PLACED] at location (  38.500,   54.340) on layer 3 is NOT ON ALLOWED PIN LAYER.
**ERROR: (IMPPTN-1755):   Pin [Result[28]] of partition [simple_alu] connected to net [Result[28]] is [PLACED] at location (  39.100,   54.340) on layer 3 is NOT ON ALLOWED PIN LAYER.
**ERROR: (IMPPTN-1755):   Pin [Result[27]] of partition [simple_alu] connected to net [Result[27]] is [PLACED] at location (  39.500,   54.340) on layer 3 is NOT ON ALLOWED PIN LAYER.
**ERROR: (IMPPTN-1755):   Pin [Result[26]] of partition [simple_alu] connected to net [Result[26]] is [PLACED] at location (  40.100,   54.340) on layer 3 is NOT ON ALLOWED PIN LAYER.
**ERROR: (IMPPTN-1755):   Pin [Result[25]] of partition [simple_alu] connected to net [Result[25]] is [PLACED] at location (  40.700,   54.340) on layer 3 is NOT ON ALLOWED PIN LAYER.
**ERROR: (IMPPTN-1755):   Pin [Result[24]] of partition [simple_alu] connected to net [Result[24]] is [PLACED] at location (  41.300,   54.340) on layer 3 is NOT ON ALLOWED PIN LAYER.
**ERROR: (IMPPTN-1755):   Pin [Result[23]] of partition [simple_alu] connected to net [Result[23]] is [PLACED] at location (  41.900,   54.340) on layer 3 is NOT ON ALLOWED PIN LAYER.
**ERROR: (IMPPTN-1755):   Pin [Result[22]] of partition [simple_alu] connected to net [Result[22]] is [PLACED] at location (  42.500,   54.340) on layer 3 is NOT ON ALLOWED PIN LAYER.
**ERROR: (IMPPTN-1755):   Pin [Result[21]] of partition [simple_alu] connected to net [Result[21]] is [PLACED] at location (  42.900,   54.340) on layer 3 is NOT ON ALLOWED PIN LAYER.
**ERROR: (IMPPTN-1755):   Pin [Result[20]] of partition [simple_alu] connected to net [Result[20]] is [PLACED] at location (  43.500,   54.340) on layer 3 is NOT ON ALLOWED PIN LAYER.
**ERROR: (IMPPTN-1755):   Pin [Result[19]] of partition [simple_alu] connected to net [Result[19]] is [PLACED] at location (  44.100,   54.340) on layer 3 is NOT ON ALLOWED PIN LAYER.
**ERROR: (IMPPTN-1755):   Pin [Result[18]] of partition [simple_alu] connected to net [Result[18]] is [PLACED] at location (  44.700,   54.340) on layer 3 is NOT ON ALLOWED PIN LAYER.
**ERROR: (IMPPTN-1755):   Pin [Result[17]] of partition [simple_alu] connected to net [Result[17]] is [PLACED] at location (  45.300,   54.340) on layer 3 is NOT ON ALLOWED PIN LAYER.
**ERROR: (IMPPTN-1755):   Pin [Result[16]] of partition [simple_alu] connected to net [Result[16]] is [PLACED] at location (  45.900,   54.340) on layer 3 is NOT ON ALLOWED PIN LAYER.
**ERROR: (IMPPTN-1755):   Pin [Result[15]] of partition [simple_alu] connected to net [Result[15]] is [PLACED] at location (  46.300,   54.340) on layer 3 is NOT ON ALLOWED PIN LAYER.
**ERROR: (IMPPTN-1755):   Pin [Result[14]] of partition [simple_alu] connected to net [Result[14]] is [PLACED] at location (  46.900,   54.340) on layer 3 is NOT ON ALLOWED PIN LAYER.
**ERROR: (IMPPTN-1755):   Pin [Result[13]] of partition [simple_alu] connected to net [Result[13]] is [PLACED] at location (  47.500,   54.340) on layer 3 is NOT ON ALLOWED PIN LAYER.
**ERROR: (IMPPTN-1755):   Pin [Result[12]] of partition [simple_alu] connected to net [Result[12]] is [PLACED] at location (  48.100,   54.340) on layer 3 is NOT ON ALLOWED PIN LAYER.
**ERROR: (IMPPTN-1755):   Pin [Result[11]] of partition [simple_alu] connected to net [Result[11]] is [PLACED] at location (  48.700,   54.340) on layer 3 is NOT ON ALLOWED PIN LAYER.
**ERROR: (IMPPTN-1755):   Pin [Result[10]] of partition [simple_alu] connected to net [Result[10]] is [PLACED] at location (  49.300,   54.340) on layer 3 is NOT ON ALLOWED PIN LAYER.
**ERROR: (IMPPTN-1755):   Pin [Result[9]] of partition [simple_alu] connected to net [Result[9]] is [PLACED] at location (  49.700,   54.340) on layer 3 is NOT ON ALLOWED PIN LAYER.
**ERROR: (IMPPTN-1755):   Pin [Result[8]] of partition [simple_alu] connected to net [Result[8]] is [PLACED] at location (  50.300,   54.340) on layer 3 is NOT ON ALLOWED PIN LAYER.
**ERROR: (IMPPTN-1755):   Pin [Result[7]] of partition [simple_alu] connected to net [Result[7]] is [PLACED] at location (  50.900,   54.340) on layer 3 is NOT ON ALLOWED PIN LAYER.
**ERROR: (IMPPTN-1755):   Pin [Result[6]] of partition [simple_alu] connected to net [Result[6]] is [PLACED] at location (  51.500,   54.340) on layer 3 is NOT ON ALLOWED PIN LAYER.
**ERROR: (IMPPTN-1755):   Pin [Result[5]] of partition [simple_alu] connected to net [Result[5]] is [PLACED] at location (  52.100,   54.340) on layer 3 is NOT ON ALLOWED PIN LAYER.
**ERROR: (IMPPTN-1755):   Pin [Result[4]] of partition [simple_alu] connected to net [Result[4]] is [PLACED] at location (  52.700,   54.340) on layer 3 is NOT ON ALLOWED PIN LAYER.
**ERROR: (IMPPTN-1755):   Pin [Result[3]] of partition [simple_alu] connected to net [Result[3]] is [PLACED] at location (  53.100,   54.340) on layer 3 is NOT ON ALLOWED PIN LAYER.
**ERROR: (IMPPTN-1755):   Pin [Result[2]] of partition [simple_alu] connected to net [Result[2]] is [PLACED] at location (  53.700,   54.340) on layer 3 is NOT ON ALLOWED PIN LAYER.
**ERROR: (IMPPTN-1755):   Pin [Result[1]] of partition [simple_alu] connected to net [Result[1]] is [PLACED] at location (  54.300,   54.340) on layer 3 is NOT ON ALLOWED PIN LAYER.
**ERROR: (IMPPTN-1755):   Pin [Result[0]] of partition [simple_alu] connected to net [Result[0]] is [PLACED] at location (  54.900,   54.340) on layer 3 is NOT ON ALLOWED PIN LAYER.
**ERROR: (IMPPTN-1755):   Pin [zero] of partition [simple_alu] connected to net [zero] is [PLACED] at location (  55.500,   54.340) on layer 3 is NOT ON ALLOWED PIN LAYER.
**ERROR: (IMPPTN-1755):   Pin [zero] of partition [simple_alu] connected to net [zero] is [PLACED] at location (  55.500,   54.340) on layer 3 is OVERLAPPED WITH CORNER-MASK of partition simple_alu.
**ERROR: (IMPPTN-1755):   Pin [Cout] of partition [simple_alu] connected to net [Cout] is [PLACED] at location (  55.900,   54.340) on layer 3 is NOT ON ALLOWED PIN LAYER.
**ERROR: (IMPPTN-1755):   Pin [Cout] of partition [simple_alu] connected to net [Cout] is [PLACED] at location (  55.900,   54.340) on layer 3 is OVERLAPPED WITH CORNER-MASK of partition simple_alu.
Summary report for top level: [simple_alu] 
	Total Pins                         : 100
	Illegally Assigned Pins            : 100
End of Summary report
End Checking pins of top cell: [simple_alu] 


============================================================================================================================
                                                 checkPinAssignment Summary
============================================================================================================================
Partition    | pads  | pins   | legal  | illegal | internal | internal illegal | FT     | FT illegal | constant | unplaced |
============================================================================================================================
simple_alu   |     0 |    100 |      0 |     100 |        0 |                0 |      0 |          0 |        0 |        0 |
============================================================================================================================
TOTAL        |     0 |    100 |      0 |     100 |        0 |                0 |      0 |          0 |        0 |        0 |
============================================================================================================================
