###############################################################
#  Generated by:      Cadence Innovus 21.15-s110_1
#  OS:                Linux x86_64(Host ID ra01)
#  Generated on:      Tue Jan 20 17:26:51 2026
#  Design:            simple_alu
#  Command:           verifyConnectivity -type all -report simple_ALU.conn.rpt
###############################################################
Verify Connectivity Report is created on Tue Jan 20 17:26:51 2026




Multi-CPU acceleration using 2 CPU


Use pthread

Net A[31]: no routing
Net A[30]: no routing
Net A[28]: no routing
Net A[29]: no routing
Net A[26]: no routing
Net A[27]: no routing
Net A[24]: no routing
Net A[25]: no routing
Net A[22]: no routing
Net A[23]: no routing
Net A[20]: no routing
Net A[21]: no routing
Net A[18]: no routing
Net A[19]: no routing
Net A[16]: no routing
Net A[17]: no routing
Net A[14]: no routing
Net A[15]: no routing
Net A[12]: no routing
Net A[13]: no routing
Net A[10]: no routing
Net A[11]: no routing
Net A[8]: no routing
Net A[9]: no routing
Net A[6]: no routing
Net A[7]: no routing
Net A[4]: no routing
Net A[5]: no routing
Net A[2]: no routing
Net A[3]: no routing
Net A[0]: no routing
Net A[1]: no routing
Net B[30]: no routing
Net B[31]: no routing
Net B[28]: no routing
Net B[29]: no routing
Net B[26]: no routing
Net B[27]: no routing
Net B[24]: no routing
Net B[25]: no routing
Net B[22]: no routing
Net B[23]: no routing
Net B[20]: no routing
Net B[21]: no routing
Net B[18]: no routing
Net B[19]: no routing
Net B[16]: no routing
Net B[17]: no routing
Net B[14]: no routing
Net B[15]: no routing
Net B[12]: no routing
Net B[13]: no routing
Net B[10]: no routing
Net B[11]: no routing
Net B[8]: no routing
Net B[9]: no routing
Net B[6]: no routing
Net B[7]: no routing
Net B[4]: no routing
Net B[5]: no routing
Net B[2]: no routing
Net B[3]: no routing
Net B[0]: no routing
Net B[1]: no routing
Net ALUControl[0]: no routing
Net ALUControl[1]: no routing
Net Result[30]: no routing
Net Result[28]: no routing
Net Result[26]: no routing
Net Result[31]: no routing
Net Result[24]: no routing
Net Result[29]: no routing
Net Result[22]: no routing
Net Result[27]: no routing
Net Result[20]: no routing
Net Result[25]: no routing
Net Result[18]: no routing
Net Result[23]: no routing
Net Result[16]: no routing
Net Result[21]: no routing
Net Result[14]: no routing
Net Result[19]: no routing
Net Result[12]: no routing
Net Result[17]: no routing
Net Result[10]: no routing
Net Result[15]: no routing
Net Result[8]: no routing
Net Result[13]: no routing
Net Result[6]: no routing
Net Result[11]: no routing
Net Result[4]: no routing
Net Result[9]: no routing
Net Result[2]: no routing
Net Result[7]: no routing
Net Result[0]: no routing
Net Result[5]: no routing
Net Cout: no routing
Net Result[3]: no routing
Net Result[1]: no routing
Net zero: no routing
Net Sum[2]: no routing
Net Sum[0]: no routing
Net I1_carry[31]: no routing
Net I1_carry[29]: no routing
Net Sum[1]: no routing
Net I1_carry[27]: no routing
Net I1_carry[30]: no routing
Net I1_carry[25]: no routing
Net I1_carry[28]: no routing
Net I1_carry[23]: no routing
Net I1_carry[26]: no routing
Net I1_carry[21]: no routing
Net I1_carry[24]: no routing
Net I1_carry[19]: no routing
Net I1_carry[22]: no routing
Net I1_carry[17]: no routing
Net I1_carry[20]: no routing
Net I1_carry[15]: no routing
Net I1_carry[18]: no routing
Net I1_carry[13]: no routing
Net I1_carry[16]: no routing
Net I1_carry[11]: no routing
Net I1_carry[14]: no routing
Net I1_carry[9]: no routing
Net I1_carry[12]: no routing
Net I1_carry[7]: no routing
Net I1_carry[10]: no routing
Net I1_carry[5]: no routing
Net I1_carry[8]: no routing
Net I1_carry[3]: no routing
Net I1_carry[6]: no routing
Net I1_carry[1]: no routing
Net I1_carry[4]: no routing
Net B_input[31]: no routing
Net I1_carry[2]: no routing
Net B_input[29]: no routing
Net B_input[30]: no routing
Net B_input[27]: no routing
Net B_input[28]: no routing
Net B_input[25]: no routing
Net B_input[26]: no routing
Net B_input[23]: no routing
Net B_input[24]: no routing
Net B_input[21]: no routing
Net B_input[22]: no routing
Net B_input[19]: no routing
Net B_input[20]: no routing
Net B_input[17]: no routing
Net B_input[18]: no routing
Net B_input[15]: no routing
Net B_input[16]: no routing
Net B_input[13]: no routing
Net B_input[14]: no routing
Net B_input[11]: no routing
Net B_input[12]: no routing
Net B_input[9]: no routing
Net B_input[10]: no routing
Net B_input[7]: no routing
Net B_input[8]: no routing
Net B_input[5]: no routing
Net B_input[6]: no routing
Net B_input[3]: no routing
Net B_input[4]: no routing
Net n_0: no routing
Net B_input[2]: no routing
Net n_30: no routing
Net n_31: no routing
Net n_32: no routing
Net n_53: no routing
Net n_33: no routing
Net n_55: no routing
Net n_57: no routing
Net n_59: no routing
Net n_54: no routing
Net n_61: no routing
Net n_56: no routing
Net n_63: no routing
Net n_58: no routing
Net n_65: no routing
Net n_60: no routing
Net n_67: no routing
Net n_62: no routing
Net n_69: no routing
Net n_64: no routing
Net n_71: no routing
Net n_66: no routing
Net n_73: no routing
Net n_68: no routing
Net n_75: no routing
Net n_70: no routing
Net n_77: no routing
Net n_72: no routing
Net n_79: no routing
Net n_74: no routing
Net n_81: no routing
Net n_76: no routing
Net n_83: no routing
Net n_78: no routing
Net n_80: no routing
Net n_82: no routing
Net n_84: no routing
Net n_115: no routing
Net n_117: no routing
Net n_119: no routing
Net n_121: no routing
Net n_114: no routing
Net n_123: no routing
Net n_116: no routing
Net n_148: no routing
Net n_118: no routing
Net n_259: no routing
Net n_120: no routing
Net n_122: no routing
Net n_147: no routing
Net n_258: no routing

Begin Summary
    215 Problem(s) (IMPVFC-98): Net has no global routing and no special routing.
    215 total info(s) created.
End Summary
